<?xml version="1.0" encoding="UTF-8"?>
<!-- Generated by org.testng.reporters.JUnitReportReporter -->
<testsuite hostname="DESKTOP-JD3KIL9" failures="0" tests="1" name="testPackage.UserCreated" time="103.865" errors="0" timestamp="2023-04-27T10:51:32 IST" skipped="0">
  <testcase classname="testPackage.UserCreated" name="user1" time="103.865"/>
  <system-out/>
</testsuite> <!-- testPackage.UserCreated -->
